<?xml version="1.0" encoding="UTF-8"?>
<!-- Generated by org.testng.reporters.JUnitXMLReporter -->
<testsuite ignored="6" hostname="LAPTOP-JL6OSVP7" failures="1" tests="4" name="Test" time="26.496" errors="0" timestamp="2024-12-18T21:20:14 IST">
  <testcase classname="test.TC_001_ValidSignUpTest" name="ValidSignUpTest" time="3.992">
    <failure type="java.lang.AssertionError" message="expected [My Contacts] but found [Add User]">
      <![CDATA[java.lang.AssertionError: expected [My Contacts] but found [Add User]
at pages.ContactList.ValidateResult(ContactList.java:22)
at test.TC_001_ValidSignUpTest.ValidSignUpTest(TC_001_ValidSignUpTest.java:32)
at java.base/java.util.ArrayList.forEach(ArrayList.java:1597)
... Removed 31 stack frames]]>
    </failure>
  </testcase> <!-- ValidSignUpTest -->
  <testcase classname="test.TC_002_InvalidSignUp" name="InvalidSignUp" time="4.121"/>
  <testcase classname="test.TC_003_LoginvalidTest" name="LoginValid" time="3.313"/>
  <testcase classname="test.TC_004_LogininvalidTest" name="LoginInValid" time="3.309"/>
  <testcase classname="base.ProjectSpecificationMethods" name="@BeforeSuite reportInitialization" time="0.0">
    <ignored/>
  </testcase> <!-- @BeforeSuite reportInitialization -->
  <testcase classname="base.ProjectSpecificationMethods" name="@BeforeSuite reportInitialization" time="0.0">
    <ignored/>
  </testcase> <!-- @BeforeSuite reportInitialization -->
  <testcase classname="base.ProjectSpecificationMethods" name="@BeforeSuite reportInitialization" time="0.0">
    <ignored/>
  </testcase> <!-- @BeforeSuite reportInitialization -->
  <testcase classname="base.ProjectSpecificationMethods" name="@AfterSuite reportClose" time="0.0">
    <ignored/>
  </testcase> <!-- @AfterSuite reportClose -->
  <testcase classname="base.ProjectSpecificationMethods" name="@AfterSuite reportClose" time="0.0">
    <ignored/>
  </testcase> <!-- @AfterSuite reportClose -->
  <testcase classname="base.ProjectSpecificationMethods" name="@AfterSuite reportClose" time="0.0">
    <ignored/>
  </testcase> <!-- @AfterSuite reportClose -->
</testsuite> <!-- Test -->
