<?xml version="1.0" encoding="UTF-8"?>
<testng-results ignored="6" total="10" passed="3" failed="1" skipped="0">
  <reporter-output>
  </reporter-output>
  <suite started-at="2024-12-18T21:19:48 IST" name="Suite" finished-at="2024-12-18T21:20:14 IST" duration-ms="26496">
    <groups>
    </groups>
    <test started-at="2024-12-18T21:19:48 IST" name="Test" finished-at="2024-12-18T21:20:14 IST" duration-ms="26496">
      <class name="test.TC_004_LogininvalidTest">
        <test-method is-config="true" signature="setup()[pri:0, instance:test.TC_004_LogininvalidTest@470734c3]" started-at="2024-12-18T21:19:48 IST" name="setup" finished-at="2024-12-18T21:19:48 IST" duration-ms="1" status="PASS">
          <reporter-output>
          </reporter-output>
        </test-method> <!-- setup -->
        <test-method is-config="true" signature="testDetails()[pri:0, instance:test.TC_004_LogininvalidTest@470734c3]" started-at="2024-12-18T21:20:08 IST" name="testDetails" finished-at="2024-12-18T21:20:08 IST" duration-ms="0" status="PASS">
          <reporter-output>
          </reporter-output>
        </test-method> <!-- testDetails -->
        <test-method is-config="true" signature="launchAndLoadURL(java.lang.String,java.lang.String)[pri:0, instance:test.TC_004_LogininvalidTest@470734c3]" started-at="2024-12-18T21:20:08 IST" name="launchAndLoadURL" finished-at="2024-12-18T21:20:11 IST" duration-ms="2548" status="PASS">
          <params>
            <param index="0">
              <value>
                <![CDATA[https://thinking-tester-contact-list.herokuapp.com/]]>
              </value>
            </param>
            <param index="1">
              <value>
                <![CDATA[Chrome]]>
              </value>
            </param>
          </params>
          <reporter-output>
          </reporter-output>
        </test-method> <!-- launchAndLoadURL -->
        <test-method signature="LoginInValid()[pri:0, instance:test.TC_004_LogininvalidTest@470734c3]" started-at="2024-12-18T21:20:11 IST" name="LoginInValid" finished-at="2024-12-18T21:20:14 IST" duration-ms="3309" status="PASS">
          <reporter-output>
          </reporter-output>
        </test-method> <!-- LoginInValid -->
        <test-method is-config="true" signature="browserClose()[pri:0, instance:test.TC_004_LogininvalidTest@470734c3]" started-at="2024-12-18T21:20:14 IST" name="browserClose" finished-at="2024-12-18T21:20:14 IST" duration-ms="137" status="PASS">
          <reporter-output>
          </reporter-output>
        </test-method> <!-- browserClose -->
      </class> <!-- test.TC_004_LogininvalidTest -->
      <class name="test.TC_001_ValidSignUpTest">
        <test-method is-config="true" signature="reportInitialization()[pri:0, instance:test.TC_001_ValidSignUpTest@53fe15ff]" started-at="2024-12-18T21:19:47 IST" name="reportInitialization" finished-at="2024-12-18T21:19:48 IST" duration-ms="330" status="PASS">
          <reporter-output>
          </reporter-output>
        </test-method> <!-- reportInitialization -->
        <test-method is-config="true" signature="setup()[pri:0, instance:test.TC_001_ValidSignUpTest@53fe15ff]" started-at="2024-12-18T21:19:48 IST" name="setup" finished-at="2024-12-18T21:19:48 IST" duration-ms="2" status="PASS">
          <reporter-output>
          </reporter-output>
        </test-method> <!-- setup -->
        <test-method is-config="true" signature="testDetails()[pri:0, instance:test.TC_001_ValidSignUpTest@53fe15ff]" started-at="2024-12-18T21:19:48 IST" name="testDetails" finished-at="2024-12-18T21:19:48 IST" duration-ms="8" status="PASS">
          <reporter-output>
          </reporter-output>
        </test-method> <!-- testDetails -->
        <test-method is-config="true" signature="launchAndLoadURL(java.lang.String,java.lang.String)[pri:0, instance:test.TC_001_ValidSignUpTest@53fe15ff]" started-at="2024-12-18T21:19:48 IST" name="launchAndLoadURL" finished-at="2024-12-18T21:19:51 IST" duration-ms="3485" status="PASS">
          <params>
            <param index="0">
              <value>
                <![CDATA[https://thinking-tester-contact-list.herokuapp.com/]]>
              </value>
            </param>
            <param index="1">
              <value>
                <![CDATA[Chrome]]>
              </value>
            </param>
          </params>
          <reporter-output>
          </reporter-output>
        </test-method> <!-- launchAndLoadURL -->
        <test-method signature="ValidSignUpTest()[pri:0, instance:test.TC_001_ValidSignUpTest@53fe15ff]" started-at="2024-12-18T21:19:51 IST" name="ValidSignUpTest" finished-at="2024-12-18T21:19:55 IST" duration-ms="3992" status="FAIL">
          <exception class="java.lang.AssertionError">
            <message>
              <![CDATA[expected [My Contacts] but found [Add User]]]>
            </message>
            <full-stacktrace>
              <![CDATA[java.lang.AssertionError: expected [My Contacts] but found [Add User]
at org.testng.Assert.fail(Assert.java:99)
at org.testng.Assert.failNotEquals(Assert.java:1037)
at org.testng.Assert.assertEqualsImpl(Assert.java:140)
at org.testng.Assert.assertEquals(Assert.java:122)
at org.testng.Assert.assertEquals(Assert.java:629)
at org.testng.Assert.assertEquals(Assert.java:639)
at pages.ContactList.ValidateResult(ContactList.java:22)
at test.TC_001_ValidSignUpTest.ValidSignUpTest(TC_001_ValidSignUpTest.java:32)
at java.base/jdk.internal.reflect.DirectMethodHandleAccessor.invoke(DirectMethodHandleAccessor.java:103)
at java.base/java.lang.reflect.Method.invoke(Method.java:580)
at org.testng.internal.MethodInvocationHelper.invokeMethod(MethodInvocationHelper.java:133)
at org.testng.internal.TestInvoker.invokeMethod(TestInvoker.java:598)
at org.testng.internal.TestInvoker.invokeTestMethod(TestInvoker.java:173)
at org.testng.internal.MethodRunner.runInSequence(MethodRunner.java:46)
at org.testng.internal.TestInvoker$MethodInvocationAgent.invoke(TestInvoker.java:824)
at org.testng.internal.TestInvoker.invokeTestMethods(TestInvoker.java:146)
at org.testng.internal.TestMethodWorker.invokeTestMethods(TestMethodWorker.java:146)
at org.testng.internal.TestMethodWorker.run(TestMethodWorker.java:128)
at java.base/java.util.ArrayList.forEach(ArrayList.java:1597)
at org.testng.TestRunner.privateRun(TestRunner.java:794)
at org.testng.TestRunner.run(TestRunner.java:596)
at org.testng.SuiteRunner.runTest(SuiteRunner.java:377)
at org.testng.SuiteRunner.runSequentially(SuiteRunner.java:371)
at org.testng.SuiteRunner.privateRun(SuiteRunner.java:332)
at org.testng.SuiteRunner.run(SuiteRunner.java:276)
at org.testng.SuiteRunnerWorker.runSuite(SuiteRunnerWorker.java:53)
at org.testng.SuiteRunnerWorker.run(SuiteRunnerWorker.java:96)
at org.testng.TestNG.runSuitesSequentially(TestNG.java:1212)
at org.testng.TestNG.runSuitesLocally(TestNG.java:1134)
at org.testng.TestNG.runSuites(TestNG.java:1063)
at org.testng.TestNG.run(TestNG.java:1031)
at org.testng.remote.AbstractRemoteTestNG.run(AbstractRemoteTestNG.java:115)
at org.testng.remote.RemoteTestNG.initAndRun(RemoteTestNG.java:293)
at org.testng.remote.RemoteTestNG.main(RemoteTestNG.java:91)
]]>
            </full-stacktrace>
          </exception> <!-- java.lang.AssertionError -->
          <reporter-output>
          </reporter-output>
        </test-method> <!-- ValidSignUpTest -->
        <test-method is-config="true" signature="browserClose()[pri:0, instance:test.TC_001_ValidSignUpTest@53fe15ff]" started-at="2024-12-18T21:19:55 IST" name="browserClose" finished-at="2024-12-18T21:19:55 IST" duration-ms="138" status="PASS">
          <reporter-output>
          </reporter-output>
        </test-method> <!-- browserClose -->
        <test-method is-config="true" signature="reportClose()[pri:0, instance:test.TC_001_ValidSignUpTest@53fe15ff]" started-at="2024-12-18T21:20:14 IST" name="reportClose" finished-at="2024-12-18T21:20:15 IST" duration-ms="361" status="PASS">
          <reporter-output>
          </reporter-output>
        </test-method> <!-- reportClose -->
      </class> <!-- test.TC_001_ValidSignUpTest -->
      <class name="test.TC_003_LoginvalidTest">
        <test-method is-config="true" signature="setup()[pri:0, instance:test.TC_003_LoginvalidTest@8f2ef19]" started-at="2024-12-18T21:19:48 IST" name="setup" finished-at="2024-12-18T21:19:48 IST" duration-ms="0" status="PASS">
          <reporter-output>
          </reporter-output>
        </test-method> <!-- setup -->
        <test-method is-config="true" signature="testDetails()[pri:0, instance:test.TC_003_LoginvalidTest@8f2ef19]" started-at="2024-12-18T21:20:02 IST" name="testDetails" finished-at="2024-12-18T21:20:02 IST" duration-ms="1" status="PASS">
          <reporter-output>
          </reporter-output>
        </test-method> <!-- testDetails -->
        <test-method is-config="true" signature="launchAndLoadURL(java.lang.String,java.lang.String)[pri:0, instance:test.TC_003_LoginvalidTest@8f2ef19]" started-at="2024-12-18T21:20:02 IST" name="launchAndLoadURL" finished-at="2024-12-18T21:20:05 IST" duration-ms="2566" status="PASS">
          <params>
            <param index="0">
              <value>
                <![CDATA[https://thinking-tester-contact-list.herokuapp.com/]]>
              </value>
            </param>
            <param index="1">
              <value>
                <![CDATA[Chrome]]>
              </value>
            </param>
          </params>
          <reporter-output>
          </reporter-output>
        </test-method> <!-- launchAndLoadURL -->
        <test-method signature="LoginValid()[pri:0, instance:test.TC_003_LoginvalidTest@8f2ef19]" started-at="2024-12-18T21:20:05 IST" name="LoginValid" finished-at="2024-12-18T21:20:08 IST" duration-ms="3313" status="PASS">
          <reporter-output>
          </reporter-output>
        </test-method> <!-- LoginValid -->
        <test-method is-config="true" signature="browserClose()[pri:0, instance:test.TC_003_LoginvalidTest@8f2ef19]" started-at="2024-12-18T21:20:08 IST" name="browserClose" finished-at="2024-12-18T21:20:08 IST" duration-ms="131" status="PASS">
          <reporter-output>
          </reporter-output>
        </test-method> <!-- browserClose -->
      </class> <!-- test.TC_003_LoginvalidTest -->
      <class name="test.TC_002_InvalidSignUp">
        <test-method is-config="true" signature="setup()[pri:0, instance:test.TC_002_InvalidSignUp@2eae8e6e]" started-at="2024-12-18T21:19:48 IST" name="setup" finished-at="2024-12-18T21:19:48 IST" duration-ms="1" status="PASS">
          <reporter-output>
          </reporter-output>
        </test-method> <!-- setup -->
        <test-method is-config="true" signature="testDetails()[pri:0, instance:test.TC_002_InvalidSignUp@2eae8e6e]" started-at="2024-12-18T21:19:55 IST" name="testDetails" finished-at="2024-12-18T21:19:55 IST" duration-ms="6" status="PASS">
          <reporter-output>
          </reporter-output>
        </test-method> <!-- testDetails -->
        <test-method is-config="true" signature="launchAndLoadURL(java.lang.String,java.lang.String)[pri:0, instance:test.TC_002_InvalidSignUp@2eae8e6e]" started-at="2024-12-18T21:19:55 IST" name="launchAndLoadURL" finished-at="2024-12-18T21:19:58 IST" duration-ms="2407" status="PASS">
          <params>
            <param index="0">
              <value>
                <![CDATA[https://thinking-tester-contact-list.herokuapp.com/]]>
              </value>
            </param>
            <param index="1">
              <value>
                <![CDATA[Chrome]]>
              </value>
            </param>
          </params>
          <reporter-output>
          </reporter-output>
        </test-method> <!-- launchAndLoadURL -->
        <test-method signature="InvalidSignUp()[pri:0, instance:test.TC_002_InvalidSignUp@2eae8e6e]" started-at="2024-12-18T21:19:58 IST" name="InvalidSignUp" finished-at="2024-12-18T21:20:02 IST" duration-ms="4121" status="PASS">
          <reporter-output>
          </reporter-output>
        </test-method> <!-- InvalidSignUp -->
        <test-method is-config="true" signature="browserClose()[pri:0, instance:test.TC_002_InvalidSignUp@2eae8e6e]" started-at="2024-12-18T21:20:02 IST" name="browserClose" finished-at="2024-12-18T21:20:02 IST" duration-ms="118" status="PASS">
          <reporter-output>
          </reporter-output>
        </test-method> <!-- browserClose -->
      </class> <!-- test.TC_002_InvalidSignUp -->
    </test> <!-- Test -->
  </suite> <!-- Suite -->
</testng-results>
